<?xml version="1.0" encoding="UTF-8"?>
<!-- Generated by org.testng.reporters.JUnitReportReporter -->
<testsuite hostname="Piyush" failures="0" tests="2" name="testCases.TC001_AccountRegistrationTest" time="5.485" errors="0" timestamp="2025-05-31T18:42:19 IST" skipped="0">
  <testcase classname="testCases.TC001_AccountRegistrationTest" name="verify_account_registration" time="2.989"/>
  <testcase classname="testCases.TC001_AccountRegistrationTest" name="verify_account_registration" time="2.496"/>
</testsuite> <!-- testCases.TC001_AccountRegistrationTest -->
