<?xml version="1.0" encoding="UTF-8"?>
<!-- Generated by org.testng.reporters.JUnitReportReporter -->
<testsuite hostname="Piyush" failures="0" tests="2" name="testCases.TC002_LoginTest" time="4.623" errors="0" timestamp="2025-05-31T18:42:19 IST" skipped="0">
  <testcase classname="testCases.TC002_LoginTest" name="verify_login" time="1.519"/>
  <testcase classname="testCases.TC002_LoginTest" name="verify_login" time="3.104"/>
</testsuite> <!-- testCases.TC002_LoginTest -->
