<?xml version="1.0" encoding="UTF-8"?>
<!-- Generated by org.testng.reporters.JUnitReportReporter -->
<testsuite hostname="Piyush" failures="0" tests="2" name="testCases.TC001_AccountRegistrationTest" time="7.656" errors="0" timestamp="2025-05-31T18:44:13 IST" skipped="0">
  <testcase classname="testCases.TC001_AccountRegistrationTest" name="verify_account_registration" time="2.636"/>
  <testcase classname="testCases.TC001_AccountRegistrationTest" name="verify_account_registration" time="5.020"/>
</testsuite> <!-- testCases.TC001_AccountRegistrationTest -->
