<?xml version="1.0" encoding="UTF-8"?>
<!-- Generated by org.testng.reporters.JUnitReportReporter -->
<testsuite hostname="Piyush" failures="0" tests="2" name="testCases.TC002_LoginTest" time="3.360" errors="0" timestamp="2025-05-31T18:44:13 IST" skipped="0">
  <testcase classname="testCases.TC002_LoginTest" name="verify_login" time="1.779"/>
  <testcase classname="testCases.TC002_LoginTest" name="verify_login" time="1.581"/>
</testsuite> <!-- testCases.TC002_LoginTest -->
